<?xml version="1.0" encoding="UTF-8"?>
<!-- Generated by org.testng.reporters.JUnitReportReporter -->
<testsuite hostname="DESKTOP-R2P4GBF" failures="0" tests="1" name="execution_Pkg.ExecutionDemo" time="16.361" errors="0" timestamp="2024-07-09T23:16:56 IST" skipped="0">
  <testcase classname="execution_Pkg.ExecutionDemo" name="ExecuteBrowserURL" time="16.361"/>
</testsuite> <!-- execution_Pkg.ExecutionDemo -->
