<?xml version="1.0" encoding="UTF-8"?>
<!-- Generated by org.testng.reporters.JUnitReportReporter -->
<testsuite hostname="DESKTOP-R2P4GBF" failures="0" tests="3" name="day1_DriverConfigure_DemoRun.TestNG_DemoRun" time="0.138" errors="0" timestamp="2024-07-09T18:40:16 IST" skipped="0">
  <testcase classname="day1_DriverConfigure_DemoRun.TestNG_DemoRun" name="setup1" time="0.047"/>
  <testcase classname="day1_DriverConfigure_DemoRun.TestNG_DemoRun" name="setup2" time="0.044"/>
  <testcase classname="day1_DriverConfigure_DemoRun.TestNG_DemoRun" name="setup3" time="0.047"/>
</testsuite> <!-- day1_DriverConfigure_DemoRun.TestNG_DemoRun -->
