<?xml version="1.0" encoding="UTF-8"?>
<!-- Generated by org.testng.reporters.JUnitReportReporter -->
<testsuite hostname="DESKTOP-R2P4GBF" failures="0" tests="1" name="execution_Pkg.ExecutionDemo" time="20.000" errors="0" timestamp="2024-07-11T00:33:08 IST" skipped="0">
  <testcase classname="execution_Pkg.ExecutionDemo" name="ExecuteBrowserURL" time="20.000"/>
</testsuite> <!-- execution_Pkg.ExecutionDemo -->
